生成启动时间为 2012-08-03 15:38:01。
     1>项目“E:\projects\ds\ds.vcxproj”在节点 2 上(build 个目标)。
     1>InitializeBuildStatus:
         正在创建“Debug\ds.unsuccessfulbuild”，因为已指定“AlwaysCreate”。
       ClCompile:
         C:\Program Files\Microsoft Visual Studio 10.0\VC\bin\CL.exe /c /ZI /nologo /W3 /WX- /Od /Oy- /D _MBCS /Gm /EHsc /RTC1 /MDd /GS /fp:precise /Zc:wchar_t /Zc:forScope /Fo"Debug\\" /Fd"Debug\vc100.pdb" /Gd /TP /analyze- /errorReport:prompt main.cpp
         main.cpp
     1>e:\projects\ds\main.cpp(15): warning C4715: “assert”: 不是所有的控件路径都返回值
       Link:
         C:\Program Files\Microsoft Visual Studio 10.0\VC\bin\link.exe /ERRORREPORT:PROMPT /OUT:"E:\projects\ds\Debug\ds.exe" /NOLOGO kernel32.lib user32.lib gdi32.lib winspool.lib comdlg32.lib advapi32.lib shell32.lib ole32.lib oleaut32.lib uuid.lib odbc32.lib odbccp32.lib /MANIFEST /ManifestFile:"Debug\ds.exe.intermediate.manifest" /MANIFESTUAC:"level='asInvoker' uiAccess='false'" /DEBUG /PDB:"E:\projects\ds\Debug\ds.pdb" /TLBID:1 /DYNAMICBASE /NXCOMPAT /IMPLIB:"E:\projects\ds\Debug\ds.lib" /MACHINE:X86 Debug\avl_tree.obj
         Debug\main.obj
         LINK : 没有找到 E:\projects\ds\Debug\ds.exe 或上一个增量链接没有生成它；正在执行完全链接
         ds.vcxproj -> E:\projects\ds\Debug\ds.exe
       Manifest:
         C:\Program Files\Microsoft SDKs\Windows\v7.0A\bin\mt.exe /nologo /verbose /outputresource:"E:\projects\ds\Debug\ds.exe;#1" /manifest Debug\ds.exe.intermediate.manifest
       FinalizeBuildStatus:
         正在删除文件“Debug\ds.unsuccessfulbuild”。
         正在对“Debug\ds.lastbuildstate”执行 Touch 任务。
     1>已完成生成项目“E:\projects\ds\ds.vcxproj”(build 个目标)的操作。

生成成功。

已用时间 00:00:00.49
